<?xml version="1.0" encoding="UTF-8"?>
<!-- Generated by org.testng.reporters.JUnitXMLReporter -->
<testsuite ignored="0" hostname="DESKTOP-KJC6B92" failures="1" tests="1" name="Test" time="6.621" errors="0" timestamp="2025-01-15T21:04:05 IST">
  <testcase classname="testSuits.ChangePasswordTestSuite" name="TC123_ChangePasswordTest" time="0.034">
    <failure type="java.lang.AssertionError" message="TC123_ChangePasswordTest - Test Case failed. expected [true] but found [false]">
      <![CDATA[java.lang.AssertionError: TC123_ChangePasswordTest - Test Case failed. expected [true] but found [false]
at testSuits.ChangePasswordTestSuite.TC123_ChangePasswordTest(ChangePasswordTestSuite.java:14)
at java.base/java.util.ArrayList.forEach(ArrayList.java:1511)
... Removed 30 stack frames]]>
    </failure>
  </testcase> <!-- TC123_ChangePasswordTest -->
</testsuite> <!-- Test -->
